<?xml version="1.0" encoding="UTF-8"?>
<!-- Generated by org.testng.reporters.JUnitReportReporter -->
<testsuite hostname="CTLTIMESLAP0127" failures="0" tests="1" name="com.jjm.testcases.ViewWorkDetailsTest" time="6.535" errors="0" timestamp="2022-06-22T17:51:11 IST" skipped="0">
  <testcase classname="com.jjm.testcases.ViewWorkDetailsTest" name="getTotalWorks" time="6.535"/>
  <system-out/>
</testsuite> <!-- com.jjm.testcases.ViewWorkDetailsTest -->
