<?xml version="1.0" encoding="UTF-8"?>
<!-- Generated by org.testng.reporters.JUnitReportReporter -->
<testsuite hostname="CTLTIMESLAP0127" failures="0" tests="1" name="com.jjm.testcases.GetVillagesTest" time="0.326" errors="0" timestamp="2022-06-22T17:51:11 IST" skipped="0">
  <testcase classname="com.jjm.testcases.GetVillagesTest" name="getVillages" time="0.326"/>
  <system-out/>
</testsuite> <!-- com.jjm.testcases.GetVillagesTest -->
