<?xml version="1.0" encoding="UTF-8"?>
<!-- Generated by org.testng.reporters.JUnitReportReporter -->
<testsuite hostname="CTLTIMESLAP0127" failures="0" tests="1" name="com.jjm.testcases.LoginTest" time="0.000" errors="0" timestamp="2022-06-24T18:28:17 IST" skipped="1">
  <testcase classname="com.jjm.testcases.LoginTest" name="login" time="0.000">
    <skipped/>
  </testcase> <!-- login -->
  <system-out/>
</testsuite> <!-- com.jjm.testcases.LoginTest -->
